09-Aug-2025 11:52:22.201 INFO [main] org.apache.catalina.startup.VersionLoggerListener.log Server version name:   Apache Tomcat/9.0.102
09-Aug-2025 11:52:22.205 INFO [main] org.apache.catalina.startup.VersionLoggerListener.log Server built:          Mar 3 2025 19:33:14 UTC
09-Aug-2025 11:52:22.207 INFO [main] org.apache.catalina.startup.VersionLoggerListener.log Server version number: 9.0.102.0
09-Aug-2025 11:52:22.208 INFO [main] org.apache.catalina.startup.VersionLoggerListener.log OS Name:               Windows 11
09-Aug-2025 11:52:22.208 INFO [main] org.apache.catalina.startup.VersionLoggerListener.log OS Version:            10.0
09-Aug-2025 11:52:22.208 INFO [main] org.apache.catalina.startup.VersionLoggerListener.log Architecture:          amd64
09-Aug-2025 11:52:22.208 INFO [main] org.apache.catalina.startup.VersionLoggerListener.log Java Home:             C:\Program Files\Java\jdk-22
09-Aug-2025 11:52:22.208 INFO [main] org.apache.catalina.startup.VersionLoggerListener.log JVM Version:           22.0.2+9-70
09-Aug-2025 11:52:22.208 INFO [main] org.apache.catalina.startup.VersionLoggerListener.log JVM Vendor:            Oracle Corporation
09-Aug-2025 11:52:22.208 INFO [main] org.apache.catalina.startup.VersionLoggerListener.log CATALINA_BASE:         C:\Users\hasir\OneDrive\Documents\Git Hub\MelodyMart\MelodyMart\src\main\webapp\WEB-INF
09-Aug-2025 11:52:22.214 INFO [main] org.apache.catalina.startup.VersionLoggerListener.log CATALINA_HOME:         C:\Program Files\Apache Software Foundation\Tomcat 9.0
09-Aug-2025 11:52:22.226 INFO [main] org.apache.catalina.startup.VersionLoggerListener.log Command line argument: --add-opens=java.base/java.lang=ALL-UNNAMED
09-Aug-2025 11:52:22.227 INFO [main] org.apache.catalina.startup.VersionLoggerListener.log Command line argument: --add-opens=java.base/java.io=ALL-UNNAMED
09-Aug-2025 11:52:22.227 INFO [main] org.apache.catalina.startup.VersionLoggerListener.log Command line argument: --add-opens=java.base/java.util=ALL-UNNAMED
09-Aug-2025 11:52:22.227 INFO [main] org.apache.catalina.startup.VersionLoggerListener.log Command line argument: --add-opens=java.base/java.util.concurrent=ALL-UNNAMED
09-Aug-2025 11:52:22.227 INFO [main] org.apache.catalina.startup.VersionLoggerListener.log Command line argument: --add-opens=java.rmi/sun.rmi.transport=ALL-UNNAMED
09-Aug-2025 11:52:22.227 INFO [main] org.apache.catalina.startup.VersionLoggerListener.log Command line argument: -Dcatalina.home=C:\Program Files\Apache Software Foundation\Tomcat 9.0
09-Aug-2025 11:52:22.227 INFO [main] org.apache.catalina.startup.VersionLoggerListener.log Command line argument: -Dcatalina.base=C:\Users\hasir\OneDrive\Documents\Git Hub\MelodyMart\MelodyMart\src\main\webapp\WEB-INF
09-Aug-2025 11:52:22.227 INFO [main] org.apache.catalina.startup.VersionLoggerListener.log Command line argument: -Djava.io.tmpdir=C:\Users\hasir\OneDrive\Documents\Git Hub\MelodyMart\MelodyMart\src\main\webapp\WEB-INF\temp
09-Aug-2025 11:52:22.228 INFO [main] org.apache.catalina.startup.VersionLoggerListener.log Command line argument: -Djava.util.logging.config.file=C:\Users\hasir\OneDrive\Documents\Git Hub\MelodyMart\MelodyMart\src\main\webapp\WEB-INF\conf\logging.properties
09-Aug-2025 11:52:22.228 INFO [main] org.apache.catalina.startup.VersionLoggerListener.log Command line argument: -Djava.util.logging.manager=org.apache.juli.ClassLoaderLogManager
09-Aug-2025 11:52:22.228 INFO [main] org.apache.catalina.startup.VersionLoggerListener.log Command line argument: -javaagent:C:\Program Files\JetBrains\IntelliJ IDEA 2024.3.5\lib\idea_rt.jar=53750
09-Aug-2025 11:52:22.228 INFO [main] org.apache.catalina.startup.VersionLoggerListener.log Command line argument: -Dfile.encoding=UTF-8
09-Aug-2025 11:52:22.228 INFO [main] org.apache.catalina.startup.VersionLoggerListener.log Command line argument: -Dsun.stdout.encoding=UTF-8
09-Aug-2025 11:52:22.228 INFO [main] org.apache.catalina.startup.VersionLoggerListener.log Command line argument: -Dsun.stderr.encoding=UTF-8
09-Aug-2025 11:52:22.242 INFO [main] org.apache.catalina.core.AprLifecycleListener.lifecycleEvent The Apache Tomcat Native library which allows using OpenSSL was not found on the java.library.path: [C:\Program Files\Java\jdk-22\bin;C:\WINDOWS\Sun\Java\bin;C:\WINDOWS\system32;C:\WINDOWS;C:\Users\hasir\Downloads\PortableGit;C:\Program Files (x86)\Common Files\Oracle\Java\java8path;C:\Program Files (x86)\Common Files\Oracle\Java\javapath;C:\WINDOWS\system32;C:\WINDOWS;C:\WINDOWS\System32\Wbem;C:\WINDOWS\System32\WindowsPowerShell\v1.0\;C:\WINDOWS\System32\OpenSSH\;C:\Program Files\Java\jdk-22;C:\Program Files\Common Files\Oracle\Java\javapath;C:\Program Files\nodejs\;C:\ProgramData\chocolatey\bin;C:\Program Files\dotnet\;C:\Program Files\Git\cmd;C:\Program Files\Ballerina\\bin;C:\Program Files\Ballerina\bin;C:\Users\hasir\AppData\Local\Programs\Python\Python313\Scripts\;C:\Users\hasir\AppData\Local\Programs\Python\Python313\;C:\Users\hasir\AppData\Local\Programs\Python\Launcher\;C:\Users\hasir\Downloads\PortableGit;C:\RW\shared\OpenExport\bin;C:\RW\Graphics\bin;C:\Users\hasir\AppData\Local\Microsoft\WindowsApps;C:\Users\hasir\AppData\Local\Programs\Microsoft VS Code\bin;C:\Users\hasir\AppData\Roaming\npm;C:\Users\hasir\AppData\Local\GitHubDesktop\bin;C:\flutter\bin;C:\Users\hasir\AppData\Local\Programs\cursor\resources\app\bin;.]
09-Aug-2025 11:52:23.038 INFO [main] org.apache.coyote.AbstractProtocol.init Initializing ProtocolHandler ["http-nio-8080"]
09-Aug-2025 11:52:23.088 INFO [main] org.apache.catalina.startup.Catalina.load Server initialization in [1192] milliseconds
09-Aug-2025 11:52:23.176 INFO [main] org.apache.catalina.core.StandardService.startInternal Starting service [Catalina]
09-Aug-2025 11:52:23.176 INFO [main] org.apache.catalina.core.StandardEngine.startInternal Starting Servlet engine: [Apache Tomcat/9.0.102]
09-Aug-2025 11:52:23.189 INFO [main] org.apache.catalina.startup.HostConfig.deployDescriptor Deploying deployment descriptor [C:\Users\hasir\OneDrive\Documents\Git Hub\MelodyMart\MelodyMart\src\main\webapp\WEB-INF\conf\Catalina\localhost\MelodyMart.xml]
09-Aug-2025 11:52:24.245 INFO [main] org.apache.catalina.startup.HostConfig.deployDescriptor Deployment of deployment descriptor [C:\Users\hasir\OneDrive\Documents\Git Hub\MelodyMart\MelodyMart\src\main\webapp\WEB-INF\conf\Catalina\localhost\MelodyMart.xml] has finished in [1,055] ms
09-Aug-2025 11:52:24.249 INFO [main] org.apache.coyote.AbstractProtocol.start Starting ProtocolHandler ["http-nio-8080"]
09-Aug-2025 11:52:24.296 INFO [main] org.apache.catalina.startup.Catalina.start Server startup in [1205] milliseconds
09-Aug-2025 11:57:36.162 INFO [Thread-1] org.apache.coyote.AbstractProtocol.pause Pausing ProtocolHandler ["http-nio-8080"]
09-Aug-2025 11:57:36.180 INFO [Thread-1] org.apache.catalina.core.StandardService.stopInternal Stopping service [Catalina]
09-Aug-2025 11:57:36.214 INFO [Thread-1] org.apache.coyote.AbstractProtocol.stop Stopping ProtocolHandler ["http-nio-8080"]
09-Aug-2025 11:57:36.231 INFO [Thread-1] org.apache.coyote.AbstractProtocol.destroy Destroying ProtocolHandler ["http-nio-8080"]
